<?xml version="1.0" encoding="UTF-8"?>
<!-- Generated by org.testng.reporters.JUnitXMLReporter -->
<testsuite ignored="0" hostname="DESKTOP-T9SLBQ8" failures="0" tests="3" name="Surefire test" time="0.07" errors="0" timestamp="2020-05-20T23:43:20 GMT-04:00">
  <testcase classname="roughprojet.GoogleSearchTest" name="gsearch" time="0.007"/>
  <testcase classname="roughprojet.Guru99Test" name="login" time="0.0"/>
  <testcase classname="roughprojet.Guru99Test" name="newcustomer" time="0.001"/>
</testsuite> <!-- Surefire test -->
