<?xml version="1.0" encoding="UTF-8"?>
<testng-results ignored="0" total="3" passed="3" failed="0" skipped="0">
  <reporter-output>
  </reporter-output>
  <suite started-at="2020-05-20T23:43:19 GMT-04:00" name="Surefire suite" finished-at="2020-05-20T23:43:19 GMT-04:00" duration-ms="70">
    <groups>
    </groups>
    <test started-at="2020-05-20T23:43:19 GMT-04:00" name="Surefire test" finished-at="2020-05-20T23:43:19 GMT-04:00" duration-ms="70">
      <class name="roughprojet.GoogleSearchTest">
        <test-method signature="gsearch()[pri:0, instance:roughprojet.GoogleSearchTest@73d4cc9e]" started-at="2020-05-20T23:43:19 GMT-04:00" name="gsearch" finished-at="2020-05-20T23:43:19 GMT-04:00" duration-ms="7" status="PASS">
          <reporter-output>
          </reporter-output>
        </test-method> <!-- gsearch -->
      </class> <!-- roughprojet.GoogleSearchTest -->
      <class name="roughprojet.Guru99Test">
        <test-method signature="login()[pri:0, instance:roughprojet.Guru99Test@80169cf]" started-at="2020-05-20T23:43:19 GMT-04:00" name="login" finished-at="2020-05-20T23:43:19 GMT-04:00" duration-ms="0" status="PASS">
          <reporter-output>
          </reporter-output>
        </test-method> <!-- login -->
        <test-method signature="newcustomer()[pri:0, instance:roughprojet.Guru99Test@80169cf]" started-at="2020-05-20T23:43:19 GMT-04:00" name="newcustomer" finished-at="2020-05-20T23:43:19 GMT-04:00" duration-ms="1" status="PASS">
          <reporter-output>
          </reporter-output>
        </test-method> <!-- newcustomer -->
      </class> <!-- roughprojet.Guru99Test -->
    </test> <!-- Surefire test -->
  </suite> <!-- Surefire suite -->
</testng-results>
